[21.10.2022 17:20:24 ] [INFO] [bot] [main: 43] => Âûáðàí ïóíêò ¹1[25.12.2022 23:15:38 ] [INFO] [main] [<module>: 5] => Start
[25.12.2022 23:15:50 ] [INFO] [user_interface] [ls_menu: 22] => Выбран пункт №1
[25.12.2022 23:16:02 ] [INFO] [user_interface] [ls_menu: 44] => Выбран пункт №5
[25.12.2022 23:16:09 ] [INFO] [user_interface] [ls_menu: 46] => User entered: {name}
[25.12.2022 23:16:13 ] [INFO] [user_interface] [ls_menu: 48] => User entered: {surname}
[25.12.2022 23:16:18 ] [INFO] [user_interface] [ls_menu: 50] => User entered: {number}
[25.12.2022 23:16:37 ] [INFO] [user_interface] [ls_menu: 52] => User entered: {email}
[25.12.2022 23:16:46 ] [INFO] [user_interface] [ls_menu: 22] => Выбран пункт №1
[25.12.2022 23:16:58 ] [INFO] [user_interface] [ls_menu: 44] => Выбран пункт №5
[25.12.2022 23:17:55 ] [INFO] [user_interface] [ls_menu: 46] => User entered: {name}
[25.12.2022 23:18:00 ] [INFO] [user_interface] [ls_menu: 48] => User entered: {surname}
[25.12.2022 23:18:06 ] [INFO] [user_interface] [ls_menu: 50] => User entered: {number}
[25.12.2022 23:18:33 ] [INFO] [user_interface] [ls_menu: 52] => User entered: {email}
[25.12.2022 23:19:06 ] [INFO] [user_interface] [сhecking_the_number: 153] => Недопустимые значения!: {arg}
[25.12.2022 23:21:06 ] [INFO] [user_interface] [сhecking_the_number: 153] => Недопустимые значения!: {arg}
[25.12.2022 23:21:07 ] [INFO] [user_interface] [сhecking_the_number: 153] => Недопустимые значения!: {arg}
[25.12.2022 23:21:14 ] [INFO] [user_interface] [сhecking_the_number: 153] => Недопустимые значения!: {arg}
[25.12.2022 23:21:20 ] [INFO] [user_interface] [ls_menu: 22] => Выбран пункт №1
[25.12.2022 23:21:28 ] [INFO] [user_interface] [ls_menu: 26] => Выбран пункт №2
[25.12.2022 23:21:34 ] [INFO] [user_interface] [ls_menu: 28] => User entered: {search}
[25.12.2022 23:23:19 ] [INFO] [user_interface] [ls_menu: 141] => End
[25.12.2022 23:23:44 ] [INFO] [main] [<module>: 5] => Start
[25.12.2022 23:23:51 ] [INFO] [user_interface] [ls_menu: 22] => Выбран пункт №1
